13:14:47.324 [main] INFO  org.intocps.maestro.parser.MablParserUtil - Parting file: import/spec.mabl
13:14:47.747 [main] DEBUG org.intocps.maestro.Mabl - Frameworks: []
13:14:48.067 [main] DEBUG org.intocps.maestro.Mabl - Type checking
13:14:48.542 [main] INFO  org.intocps.maestro.interpreter.MableInterpreter - Starting Mable Interpreter...
13:14:48.590 [main] DEBUG org.intocps.fmi.jnifmuapi.NativeFmu - Load FMU /home/au682915/Bachelor/Code/FMU/RabbitMQFMU/rmqfmuv2.1.5/rabbitfmu_wait.fmu
13:14:48.590 [main] DEBUG org.intocps.fmi.jnifmuapi.NativeFmu - Extracting: /home/au682915/Bachelor/Code/FMU/RabbitMQFMU/rmqfmuv2.1.5/rabbitfmu_wait.fmu to /tmp/rabbitfmu_wait17115275517443387820
13:14:48.934 [main] DEBUG org.intocps.fmi.jnifmuapi.NativeFmu - Extracted '/home/au682915/Bachelor/Code/FMU/RabbitMQFMU/rmqfmuv2.1.5/rabbitfmu_wait.fmu' to '/tmp/rabbitfmu_wait17115275517443387820'
13:14:48.987 [main] DEBUG org.intocps.fmi.jnifmuapi.shared.NativeLoadManager - Loading FMU library: /tmp/rabbitfmu_wait17115275517443387820/binaries/linux64/rabbitmq.so
13:14:48.988 [main] DEBUG org.intocps.fmi.jnifmuapi.NativeFmuLibraryLoader - Loading library: lib/Linux-amd64/libfmuapi.so
13:14:48.990 [main] DEBUG org.intocps.fmi.jnifmuapi.shared.NativeLibraryLoader - Extracting library from: lib/Linux-amd64/libfmuapi.so
13:14:49.003 [main] DEBUG org.intocps.fmi.jnifmuapi.shared.NativeLibraryLoader - Extracted library: /tmp/jnifmuapi2234097323547210398/jnifmuapi-Linux-amd64/libfmuapi.so
13:14:49.004 [main] DEBUG org.intocps.fmi.jnifmuapi.NativeFmuLibraryLoader - Loaded Library file: /tmp/jnifmuapi2234097323547210398/jnifmuapi-Linux-amd64/libfmuapi.so
13:14:49.008 [main] DEBUG org.intocps.fmi.jnifmuapi.shared.NativeLoadManager - Successfully loaded FMU library: /tmp/rabbitfmu_wait17115275517443387820/binaries/linux64/rabbitmq.so
13:14:49.010 [main] DEBUG org.intocps.fmi.jnifmuapi.shared.NativeLoadManager - Loaded library into DLL pointer: 139838574439200
13:14:49.026 [main] DEBUG org.intocps.fmi.jnifmuapi.NativeFmu - Load FMU /home/au682915/Bachelor/Code/FMU/UniFMU/model1.fmu
13:14:49.026 [main] DEBUG org.intocps.fmi.jnifmuapi.NativeFmu - Extracting: /home/au682915/Bachelor/Code/FMU/UniFMU/model1.fmu to /tmp/model11536780055578546237
13:14:49.283 [main] DEBUG org.intocps.fmi.jnifmuapi.NativeFmu - Extracted '/home/au682915/Bachelor/Code/FMU/UniFMU/model1.fmu' to '/tmp/model11536780055578546237'
13:14:49.303 [main] DEBUG org.intocps.fmi.jnifmuapi.shared.NativeLoadManager - Loading FMU library: /tmp/model11536780055578546237/binaries/linux64/unifmu.so
13:14:49.303 [main] DEBUG org.intocps.fmi.jnifmuapi.shared.NativeLoadManager - Successfully loaded FMU library: /tmp/model11536780055578546237/binaries/linux64/unifmu.so
13:14:49.304 [main] DEBUG org.intocps.fmi.jnifmuapi.shared.NativeLoadManager - Loaded library into DLL pointer: 139838575172144
13:14:49.305 [main] DEBUG org.intocps.maestro.interpreter.Interpreter - Loading native FMU. GUID: {cfc65592-ffff-4563-9705-1581b6e7071c}, NAME: RabbitMQFMU
13:14:49.335 [main] INFO  org.intocps.maestro.interpreter.Interpreter - NATIVE: instance: 'RabbitMQFMU', status: 'OK', category: 'logAll', message: 'config.communicationtimeout config.communicationtimeout 5 60 1'
13:14:49.338 [main] INFO  org.intocps.maestro.interpreter.Interpreter - NATIVE: instance: 'RabbitMQFMU', status: 'OK', category: 'logAll', message: 'config.exchangename config.exchangename 9 fmi_digital_twin 1'
13:14:49.339 [main] INFO  org.intocps.maestro.interpreter.Interpreter - NATIVE: instance: 'RabbitMQFMU', status: 'OK', category: 'logAll', message: 'config.exchangetype config.exchangetype 10 direct 1'
13:14:49.339 [main] INFO  org.intocps.maestro.interpreter.Interpreter - NATIVE: instance: 'RabbitMQFMU', status: 'OK', category: 'logAll', message: 'config.healthdata.exchangename config.healthdata.exchangename 11 fmi_digital_twin_sh 1'
13:14:49.340 [main] INFO  org.intocps.maestro.interpreter.Interpreter - NATIVE: instance: 'RabbitMQFMU', status: 'OK', category: 'logAll', message: 'config.healthdata.exchangetype config.healthdata.exchangetype 12 direct 1'
13:14:49.341 [main] INFO  org.intocps.maestro.interpreter.Interpreter - NATIVE: instance: 'RabbitMQFMU', status: 'OK', category: 'logAll', message: 'config.hostname config.hostname 0 localhost 1'
13:14:49.343 [main] INFO  org.intocps.maestro.interpreter.Interpreter - NATIVE: instance: 'RabbitMQFMU', status: 'OK', category: 'logAll', message: 'config.lookahead config.lookahead 8 1 1'
13:14:49.346 [main] INFO  org.intocps.maestro.interpreter.Interpreter - NATIVE: instance: 'RabbitMQFMU', status: 'OK', category: 'logAll', message: 'config.maxage config.maxage 7 150 1'
13:14:49.346 [main] INFO  org.intocps.maestro.interpreter.Interpreter - NATIVE: instance: 'RabbitMQFMU', status: 'OK', category: 'logAll', message: 'config.password config.password 3 guest 1'
13:14:49.347 [main] INFO  org.intocps.maestro.interpreter.Interpreter - NATIVE: instance: 'RabbitMQFMU', status: 'OK', category: 'logAll', message: 'config.port config.port 1 5672 1'
13:14:49.347 [main] INFO  org.intocps.maestro.interpreter.Interpreter - NATIVE: instance: 'RabbitMQFMU', status: 'OK', category: 'logAll', message: 'config.precision config.precision 6 10 1'
13:14:49.348 [main] INFO  org.intocps.maestro.interpreter.Interpreter - NATIVE: instance: 'RabbitMQFMU', status: 'OK', category: 'logAll', message: 'config.routingkey config.routingkey 4 data.to_cosim 1'
13:14:49.348 [main] INFO  org.intocps.maestro.interpreter.Interpreter - NATIVE: instance: 'RabbitMQFMU', status: 'OK', category: 'logAll', message: 'config.routingkey.from_cosim config.routingkey.from_cosim 13 data.from_cosim 1'
13:14:49.349 [main] INFO  org.intocps.maestro.interpreter.Interpreter - NATIVE: instance: 'RabbitMQFMU', status: 'OK', category: 'logAll', message: 'config.ssl config.ssl 16 0 1'
13:14:49.350 [main] INFO  org.intocps.maestro.interpreter.Interpreter - NATIVE: instance: 'RabbitMQFMU', status: 'OK', category: 'logAll', message: 'config.username config.username 2 guest 1'
13:14:49.350 [main] INFO  org.intocps.maestro.interpreter.Interpreter - NATIVE: instance: 'RabbitMQFMU', status: 'OK', category: 'logAll', message: 'waiting waiting 20 0.000000 1'
13:14:49.356 [main] INFO  org.intocps.maestro.interpreter.Interpreter - NATIVE: instance: 'RabbitMQFMU', status: 'OK', category: 'logAll', message: Using Tool:  'RabbitMQ digital twin generator v2.1.3-98-g9a0430c'
13:14:49.356 [main] INFO  org.intocps.maestro.interpreter.Interpreter - NATIVE: instance: 'RabbitMQFMU', status: 'Warning', category: 'logWarn', message: The seqno output is NOT present with. 
13:14:49.357 [main] INFO  org.intocps.maestro.interpreter.Interpreter - NATIVE: instance: 'RabbitMQFMU', status: 'Warning', category: 'logWarn', message: The enable send input is NOT present with. 
13:14:49.368 [main] DEBUG org.intocps.maestro.interpreter.Interpreter - Loading native FMU. GUID: 77236337-210e-4e9c-8f2c-c1a0677db21b, NAME: Digi_shadow
13:14:49.683 [main] INFO  org.intocps.maestro.interpreter.Interpreter - NATIVE: instance: 'RabbitMQFMU', status: 'OK', category: 'logAll', message: Setting string ref 0 = localhost
13:14:49.685 [main] INFO  org.intocps.maestro.interpreter.Interpreter - NATIVE: instance: 'RabbitMQFMU', status: 'OK', category: 'logAll', message: Setting integer ref 1 = 5672
13:14:49.686 [main] INFO  org.intocps.maestro.interpreter.Interpreter - NATIVE: instance: 'RabbitMQFMU', status: 'OK', category: 'logAll', message: Setting string ref 2 = guest
13:14:49.686 [main] INFO  org.intocps.maestro.interpreter.Interpreter - NATIVE: instance: 'RabbitMQFMU', status: 'OK', category: 'logAll', message: Setting string ref 3 = guest
13:14:49.687 [main] INFO  org.intocps.maestro.interpreter.Interpreter - NATIVE: instance: 'RabbitMQFMU', status: 'OK', category: 'logAll', message: Setting string ref 4 = data.to_cosim
13:14:49.687 [main] INFO  org.intocps.maestro.interpreter.Interpreter - NATIVE: instance: 'RabbitMQFMU', status: 'OK', category: 'logAll', message: Setting integer ref 5 = 60
13:14:49.687 [main] INFO  org.intocps.maestro.interpreter.Interpreter - NATIVE: instance: 'RabbitMQFMU', status: 'OK', category: 'logAll', message: Setting integer ref 6 = 10
13:14:49.688 [main] INFO  org.intocps.maestro.interpreter.Interpreter - NATIVE: instance: 'RabbitMQFMU', status: 'OK', category: 'logAll', message: Setting integer ref 7 = 150
13:14:49.688 [main] INFO  org.intocps.maestro.interpreter.Interpreter - NATIVE: instance: 'RabbitMQFMU', status: 'OK', category: 'logAll', message: Setting integer ref 8 = 1
13:14:49.688 [main] INFO  org.intocps.maestro.interpreter.Interpreter - NATIVE: instance: 'RabbitMQFMU', status: 'OK', category: 'logAll', message: Setting string ref 9 = fmi_digital_twin
13:14:49.689 [main] INFO  org.intocps.maestro.interpreter.Interpreter - NATIVE: instance: 'RabbitMQFMU', status: 'OK', category: 'logAll', message: Setting string ref 10 = direct
13:14:49.689 [main] INFO  org.intocps.maestro.interpreter.Interpreter - NATIVE: instance: 'RabbitMQFMU', status: 'OK', category: 'logAll', message: Setting string ref 11 = fmi_digital_twin_sh
13:14:49.689 [main] INFO  org.intocps.maestro.interpreter.Interpreter - NATIVE: instance: 'RabbitMQFMU', status: 'OK', category: 'logAll', message: Setting string ref 12 = direct
13:14:49.690 [main] INFO  org.intocps.maestro.interpreter.Interpreter - NATIVE: instance: 'RabbitMQFMU', status: 'OK', category: 'logAll', message: Setting string ref 13 = data.from_cosim
13:14:49.694 [main] INFO  org.intocps.maestro.interpreter.Interpreter - NATIVE: instance: 'RabbitMQFMU', status: 'OK', category: 'logAll', message: Setting boolean ref 16 = 0
13:14:49.695 [main] INFO  org.intocps.maestro.interpreter.Interpreter - NATIVE: instance: 'RabbitMQFMU', status: 'OK', category: 'logAll', message: Preparing initialization. Looking Up configuration parameters
13:14:49.695 [main] INFO  org.intocps.maestro.interpreter.Interpreter - NATIVE: instance: 'RabbitMQFMU', status: 'OK', category: 'logAll', message: Preparing initialization. Hostname='localhost', Port='5672', Username='guest', routingkey='data.to_cosim', communication timeout 60 s, precision 10000000000 (10), SSL 0
13:14:49.730 [main] INFO  org.intocps.maestro.interpreter.Interpreter - NATIVE: instance: 'RabbitMQFMU', status: 'OK', category: 'logAll', message: Sending RabbitMQ ready message
13:14:50.515 [main] INFO  org.intocps.maestro.interpreter.Interpreter - NATIVE: instance: 'RabbitMQFMU', status: 'OK', category: 'logOk', message: Got data '2023-05-12 13:14:50.510', '{"time": "2023-05-12T13:14:50.510+02:00", "waiting": false}'
13:14:51.520 [main] INFO  org.intocps.maestro.interpreter.Interpreter - NATIVE: instance: 'RabbitMQFMU', status: 'OK', category: 'logOk', message: Got data '2023-05-12 13:14:51.517', '{"time": "2023-05-12T13:14:51.517+02:00", "waiting": false}'
13:14:52.523 [main] INFO  org.intocps.maestro.interpreter.Interpreter - NATIVE: instance: 'RabbitMQFMU', status: 'OK', category: 'logOk', message: Got data '2023-05-12 13:14:52.520', '{"time": "2023-05-12T13:14:52.520+02:00", "waiting": false}'
13:14:53.526 [main] INFO  org.intocps.maestro.interpreter.Interpreter - NATIVE: instance: 'RabbitMQFMU', status: 'OK', category: 'logOk', message: Got data '2023-05-12 13:14:53.522', '{"time": "2023-05-12T13:14:53.522+02:00", "waiting": false}'
13:14:54.529 [main] INFO  org.intocps.maestro.interpreter.Interpreter - NATIVE: instance: 'RabbitMQFMU', status: 'OK', category: 'logOk', message: Got data '2023-05-12 13:14:54.526', '{"time": "2023-05-12T13:14:54.526+02:00", "waiting": false}'
13:14:55.532 [main] INFO  org.intocps.maestro.interpreter.Interpreter - NATIVE: instance: 'RabbitMQFMU', status: 'OK', category: 'logOk', message: Got data '2023-05-12 13:14:55.529', '{"time": "2023-05-12T13:14:55.529+02:00", "waiting": false}'
13:14:56.534 [main] INFO  org.intocps.maestro.interpreter.Interpreter - NATIVE: instance: 'RabbitMQFMU', status: 'OK', category: 'logOk', message: Got data '2023-05-12 13:14:56.532', '{"time": "2023-05-12T13:14:56.532+02:00", "waiting": false}'
13:14:57.536 [main] INFO  org.intocps.maestro.interpreter.Interpreter - NATIVE: instance: 'RabbitMQFMU', status: 'OK', category: 'logOk', message: Got data '2023-05-12 13:14:57.534', '{"time": "2023-05-12T13:14:57.534+02:00", "waiting": false}'
13:14:58.540 [main] INFO  org.intocps.maestro.interpreter.Interpreter - NATIVE: instance: 'RabbitMQFMU', status: 'OK', category: 'logOk', message: Got data '2023-05-12 13:14:58.538', '{"time": "2023-05-12T13:14:58.538+02:00", "waiting": false}'
13:14:59.544 [main] INFO  org.intocps.maestro.interpreter.Interpreter - NATIVE: instance: 'RabbitMQFMU', status: 'OK', category: 'logOk', message: Got data '2023-05-12 13:14:59.542', '{"time": "2023-05-12T13:14:59.542+02:00", "waiting": false}'
13:15:00.548 [main] INFO  org.intocps.maestro.interpreter.Interpreter - NATIVE: instance: 'RabbitMQFMU', status: 'OK', category: 'logOk', message: Got data '2023-05-12 13:15:00.545', '{"time": "2023-05-12T13:15:00.545+02:00", "waiting": false}'
13:15:01.549 [main] INFO  org.intocps.maestro.interpreter.Interpreter - NATIVE: instance: 'RabbitMQFMU', status: 'OK', category: 'logOk', message: Got data '2023-05-12 13:15:01.547', '{"time": "2023-05-12T13:15:01.547+02:00", "waiting": false}'
13:15:02.553 [main] INFO  org.intocps.maestro.interpreter.Interpreter - NATIVE: instance: 'RabbitMQFMU', status: 'OK', category: 'logOk', message: Got data '2023-05-12 13:15:02.549', '{"time": "2023-05-12T13:15:02.549+02:00", "waiting": false}'
13:15:03.555 [main] INFO  org.intocps.maestro.interpreter.Interpreter - NATIVE: instance: 'RabbitMQFMU', status: 'OK', category: 'logOk', message: Got data '2023-05-12 13:15:03.553', '{"time": "2023-05-12T13:15:03.553+02:00", "waiting": false}'
13:15:04.561 [main] INFO  org.intocps.maestro.interpreter.Interpreter - NATIVE: instance: 'RabbitMQFMU', status: 'OK', category: 'logOk', message: Got data '2023-05-12 13:15:04.557', '{"time": "2023-05-12T13:15:04.557+02:00", "waiting": false}'
13:15:05.561 [main] INFO  org.intocps.maestro.interpreter.Interpreter - NATIVE: instance: 'RabbitMQFMU', status: 'OK', category: 'logOk', message: Got data '2023-05-12 13:15:05.559', '{"time": "2023-05-12T13:15:05.559+02:00", "waiting": false}'
13:15:06.563 [main] INFO  org.intocps.maestro.interpreter.Interpreter - NATIVE: instance: 'RabbitMQFMU', status: 'OK', category: 'logOk', message: Got data '2023-05-12 13:15:06.561', '{"time": "2023-05-12T13:15:06.561+02:00", "waiting": false}'
13:15:07.569 [main] INFO  org.intocps.maestro.interpreter.Interpreter - NATIVE: instance: 'RabbitMQFMU', status: 'OK', category: 'logOk', message: Got data '2023-05-12 13:15:07.564', '{"time": "2023-05-12T13:15:07.564+02:00", "waiting": true}'
13:15:08.574 [main] INFO  org.intocps.maestro.interpreter.Interpreter - NATIVE: instance: 'RabbitMQFMU', status: 'OK', category: 'logOk', message: Got data '2023-05-12 13:15:08.570', '{"time": "2023-05-12T13:15:08.570+02:00", "waiting": true}'
13:15:09.574 [main] INFO  org.intocps.maestro.interpreter.Interpreter - NATIVE: instance: 'RabbitMQFMU', status: 'OK', category: 'logOk', message: Got data '2023-05-12 13:15:09.573', '{"time": "2023-05-12T13:15:09.573+02:00", "waiting": true}'
13:15:10.579 [main] INFO  org.intocps.maestro.interpreter.Interpreter - NATIVE: instance: 'RabbitMQFMU', status: 'OK', category: 'logOk', message: Got data '2023-05-12 13:15:10.575', '{"time": "2023-05-12T13:15:10.575+02:00", "waiting": true}'
13:15:11.586 [main] INFO  org.intocps.maestro.interpreter.Interpreter - NATIVE: instance: 'RabbitMQFMU', status: 'OK', category: 'logOk', message: Got data '2023-05-12 13:15:11.583', '{"time": "2023-05-12T13:15:11.583+02:00", "waiting": true}'
13:15:12.588 [main] INFO  org.intocps.maestro.interpreter.Interpreter - NATIVE: instance: 'RabbitMQFMU', status: 'OK', category: 'logOk', message: Got data '2023-05-12 13:15:12.586', '{"time": "2023-05-12T13:15:12.586+02:00", "waiting": true}'
13:15:13.592 [main] INFO  org.intocps.maestro.interpreter.Interpreter - NATIVE: instance: 'RabbitMQFMU', status: 'OK', category: 'logOk', message: Got data '2023-05-12 13:15:13.589', '{"time": "2023-05-12T13:15:13.589+02:00", "waiting": true}'
13:15:14.596 [main] INFO  org.intocps.maestro.interpreter.Interpreter - NATIVE: instance: 'RabbitMQFMU', status: 'OK', category: 'logOk', message: Got data '2023-05-12 13:15:14.592', '{"time": "2023-05-12T13:15:14.592+02:00", "waiting": true}'
13:15:15.608 [main] INFO  org.intocps.maestro.interpreter.Interpreter - NATIVE: instance: 'RabbitMQFMU', status: 'OK', category: 'logOk', message: Got data '2023-05-12 13:15:15.596', '{"time": "2023-05-12T13:15:15.596+02:00", "waiting": true}'
13:15:16.609 [main] INFO  org.intocps.maestro.interpreter.Interpreter - NATIVE: instance: 'RabbitMQFMU', status: 'OK', category: 'logOk', message: Got data '2023-05-12 13:15:16.605', '{"time": "2023-05-12T13:15:16.605+02:00", "waiting": true}'
13:15:17.614 [main] INFO  org.intocps.maestro.interpreter.Interpreter - NATIVE: instance: 'RabbitMQFMU', status: 'OK', category: 'logOk', message: Got data '2023-05-12 13:15:17.609', '{"time": "2023-05-12T13:15:17.609+02:00", "waiting": false}'
13:15:18.620 [main] INFO  org.intocps.maestro.interpreter.Interpreter - NATIVE: instance: 'RabbitMQFMU', status: 'OK', category: 'logOk', message: Got data '2023-05-12 13:15:18.616', '{"time": "2023-05-12T13:15:18.616+02:00", "waiting": false}'
13:15:19.627 [main] INFO  org.intocps.maestro.interpreter.Interpreter - NATIVE: instance: 'RabbitMQFMU', status: 'OK', category: 'logOk', message: Got data '2023-05-12 13:15:19.623', '{"time": "2023-05-12T13:15:19.623+02:00", "waiting": false}'
13:15:20.633 [main] INFO  org.intocps.maestro.interpreter.Interpreter - NATIVE: instance: 'RabbitMQFMU', status: 'OK', category: 'logOk', message: Got data '2023-05-12 13:15:20.629', '{"time": "2023-05-12T13:15:20.629+02:00", "waiting": false}'
13:15:21.638 [main] INFO  org.intocps.maestro.interpreter.Interpreter - NATIVE: instance: 'RabbitMQFMU', status: 'OK', category: 'logOk', message: Got data '2023-05-12 13:15:21.633', '{"time": "2023-05-12T13:15:21.633+02:00", "waiting": false}'
13:15:22.641 [main] INFO  org.intocps.maestro.interpreter.Interpreter - NATIVE: instance: 'RabbitMQFMU', status: 'OK', category: 'logOk', message: Got data '2023-05-12 13:15:22.638', '{"time": "2023-05-12T13:15:22.638+02:00", "waiting": false}'
13:15:23.647 [main] INFO  org.intocps.maestro.interpreter.Interpreter - NATIVE: instance: 'RabbitMQFMU', status: 'OK', category: 'logOk', message: Got data '2023-05-12 13:15:23.641', '{"time": "2023-05-12T13:15:23.641+02:00", "waiting": false}'
13:15:24.646 [main] INFO  org.intocps.maestro.interpreter.Interpreter - NATIVE: instance: 'RabbitMQFMU', status: 'OK', category: 'logOk', message: Got data '2023-05-12 13:15:24.644', '{"time": "2023-05-12T13:15:24.644+02:00", "waiting": false}'
13:15:25.648 [main] INFO  org.intocps.maestro.interpreter.Interpreter - NATIVE: instance: 'RabbitMQFMU', status: 'OK', category: 'logOk', message: Got data '2023-05-12 13:15:25.646', '{"time": "2023-05-12T13:15:25.646+02:00", "waiting": false}'
13:15:26.653 [main] INFO  org.intocps.maestro.interpreter.Interpreter - NATIVE: instance: 'RabbitMQFMU', status: 'OK', category: 'logOk', message: Got data '2023-05-12 13:15:26.649', '{"time": "2023-05-12T13:15:26.649+02:00", "waiting": false}'
13:15:27.654 [main] INFO  org.intocps.maestro.interpreter.Interpreter - NATIVE: instance: 'RabbitMQFMU', status: 'OK', category: 'logOk', message: Got data '2023-05-12 13:15:27.652', '{"time": "2023-05-12T13:15:27.652+02:00", "waiting": false}'
13:15:28.660 [main] INFO  org.intocps.maestro.interpreter.Interpreter - NATIVE: instance: 'RabbitMQFMU', status: 'OK', category: 'logOk', message: Got data '2023-05-12 13:15:28.657', '{"time": "2023-05-12T13:15:28.657+02:00", "waiting": false}'
13:15:29.664 [main] INFO  org.intocps.maestro.interpreter.Interpreter - NATIVE: instance: 'RabbitMQFMU', status: 'OK', category: 'logOk', message: Got data '2023-05-12 13:15:29.660', '{"time": "2023-05-12T13:15:29.660+02:00", "waiting": false}'
13:15:30.669 [main] INFO  org.intocps.maestro.interpreter.Interpreter - NATIVE: instance: 'RabbitMQFMU', status: 'OK', category: 'logOk', message: Got data '2023-05-12 13:15:30.666', '{"time": "2023-05-12T13:15:30.666+02:00", "waiting": false}'
13:15:31.670 [main] INFO  org.intocps.maestro.interpreter.Interpreter - NATIVE: instance: 'RabbitMQFMU', status: 'OK', category: 'logOk', message: Got data '2023-05-12 13:15:31.669', '{"time": "2023-05-12T13:15:31.669+02:00", "waiting": false}'
13:15:32.673 [main] INFO  org.intocps.maestro.interpreter.Interpreter - NATIVE: instance: 'RabbitMQFMU', status: 'OK', category: 'logOk', message: Got data '2023-05-12 13:15:32.670', '{"time": "2023-05-12T13:15:32.670+02:00", "waiting": false}'
13:15:33.674 [main] INFO  org.intocps.maestro.interpreter.Interpreter - NATIVE: instance: 'RabbitMQFMU', status: 'OK', category: 'logOk', message: Got data '2023-05-12 13:15:33.673', '{"time": "2023-05-12T13:15:33.673+02:00", "waiting": false}'
13:15:34.676 [main] INFO  org.intocps.maestro.interpreter.Interpreter - NATIVE: instance: 'RabbitMQFMU', status: 'OK', category: 'logOk', message: Got data '2023-05-12 13:15:34.674', '{"time": "2023-05-12T13:15:34.674+02:00", "waiting": false}'
13:15:35.678 [main] INFO  org.intocps.maestro.interpreter.Interpreter - NATIVE: instance: 'RabbitMQFMU', status: 'OK', category: 'logOk', message: Got data '2023-05-12 13:15:35.676', '{"time": "2023-05-12T13:15:35.676+02:00", "waiting": false}'
13:15:36.681 [main] INFO  org.intocps.maestro.interpreter.Interpreter - NATIVE: instance: 'RabbitMQFMU', status: 'OK', category: 'logOk', message: Got data '2023-05-12 13:15:36.678', '{"time": "2023-05-12T13:15:36.678+02:00", "waiting": false}'
13:15:37.683 [main] INFO  org.intocps.maestro.interpreter.Interpreter - NATIVE: instance: 'RabbitMQFMU', status: 'OK', category: 'logOk', message: Got data '2023-05-12 13:15:37.681', '{"time": "2023-05-12T13:15:37.681+02:00", "waiting": false}'
13:15:38.686 [main] INFO  org.intocps.maestro.interpreter.Interpreter - NATIVE: instance: 'RabbitMQFMU', status: 'OK', category: 'logOk', message: Got data '2023-05-12 13:15:38.683', '{"time": "2023-05-12T13:15:38.683+02:00", "waiting": false}'
13:15:39.687 [main] INFO  org.intocps.maestro.interpreter.Interpreter - NATIVE: instance: 'RabbitMQFMU', status: 'OK', category: 'logOk', message: Got data '2023-05-12 13:15:39.686', '{"time": "2023-05-12T13:15:39.686+02:00", "waiting": false}'
13:15:40.692 [main] INFO  org.intocps.maestro.interpreter.Interpreter - NATIVE: instance: 'RabbitMQFMU', status: 'OK', category: 'logOk', message: Got data '2023-05-12 13:15:40.688', '{"time": "2023-05-12T13:15:40.688+02:00", "waiting": false}'
13:15:41.694 [main] INFO  org.intocps.maestro.interpreter.Interpreter - NATIVE: instance: 'RabbitMQFMU', status: 'OK', category: 'logOk', message: Got data '2023-05-12 13:15:41.692', '{"time": "2023-05-12T13:15:41.692+02:00", "waiting": false}'
13:15:42.697 [main] INFO  org.intocps.maestro.interpreter.Interpreter - NATIVE: instance: 'RabbitMQFMU', status: 'OK', category: 'logOk', message: Got data '2023-05-12 13:15:42.694', '{"time": "2023-05-12T13:15:42.694+02:00", "waiting": false}'
13:15:43.701 [main] INFO  org.intocps.maestro.interpreter.Interpreter - NATIVE: instance: 'RabbitMQFMU', status: 'OK', category: 'logOk', message: Got data '2023-05-12 13:15:43.697', '{"time": "2023-05-12T13:15:43.697+02:00", "waiting": false}'
13:15:44.705 [main] INFO  org.intocps.maestro.interpreter.Interpreter - NATIVE: instance: 'RabbitMQFMU', status: 'OK', category: 'logOk', message: Got data '2023-05-12 13:15:44.701', '{"time": "2023-05-12T13:15:44.701+02:00", "waiting": false}'
13:15:45.708 [main] INFO  org.intocps.maestro.interpreter.Interpreter - NATIVE: instance: 'RabbitMQFMU', status: 'OK', category: 'logOk', message: Got data '2023-05-12 13:15:45.705', '{"time": "2023-05-12T13:15:45.705+02:00", "waiting": false}'
13:15:46.723 [main] INFO  org.intocps.maestro.interpreter.Interpreter - NATIVE: instance: 'RabbitMQFMU', status: 'OK', category: 'logOk', message: Got data '2023-05-12 13:15:46.708', '{"time": "2023-05-12T13:15:46.708+02:00", "waiting": false}'
13:15:47.715 [main] INFO  org.intocps.maestro.interpreter.Interpreter - NATIVE: instance: 'RabbitMQFMU', status: 'OK', category: 'logOk', message: Got data '2023-05-12 13:15:47.712', '{"time": "2023-05-12T13:15:47.712+02:00", "waiting": false}'
13:15:48.721 [main] INFO  org.intocps.maestro.interpreter.Interpreter - NATIVE: instance: 'RabbitMQFMU', status: 'OK', category: 'logOk', message: Got data '2023-05-12 13:15:48.717', '{"time": "2023-05-12T13:15:48.717+02:00", "waiting": false}'
13:15:49.723 [main] INFO  org.intocps.maestro.interpreter.Interpreter - NATIVE: instance: 'RabbitMQFMU', status: 'OK', category: 'logOk', message: Got data '2023-05-12 13:15:49.721', '{"time": "2023-05-12T13:15:49.721+02:00", "waiting": false}'
13:15:49.823 [main] INFO  org.intocps.maestro.interpreter.Interpreter - NATIVE: instance: 'RabbitMQFMU', status: 'Fatal', category: 'logError', message: Initialization failed
13:15:49.832 [main] ERROR org.intocps.maestro.interpreter.values.LoggerValue - EnterInitializationMode failed on 'org.intocps.maestro.interpreter.values.fmi.FmuComponentValue@126f1ba8' with status: FMI_FATAL
13:15:49.834 [main] INFO  org.intocps.maestro.interpreter.Interpreter - Error in simulation: Failed to 'enterInitializationMode' on 'RabbitMQFMU_1'
13:15:49.834 [main] INFO  org.intocps.maestro.interpreter.Interpreter - Continuing with finally
13:15:49.836 [main] INFO  org.intocps.maestro.interpreter.Interpreter - Error in simulation: Failed to 'enterInitializationMode' on 'RabbitMQFMU_1'
13:15:49.836 [main] INFO  org.intocps.maestro.interpreter.Interpreter - Continuing with finally
13:15:49.837 [main] DEBUG org.intocps.maestro.interpreter.Interpreter - freeInstance
13:15:49.849 [main] DEBUG org.intocps.maestro.interpreter.Interpreter - freeInstance
13:15:49.879 [main] DEBUG org.intocps.maestro.interpreter.Interpreter - unload
13:15:49.880 [main] DEBUG org.intocps.fmi.jnifmuapi.NativeFmu - UnLoad FMU /home/au682915/Bachelor/Code/FMU/RabbitMQFMU/rmqfmuv2.1.5/rabbitfmu_wait.fmu, temp folder /tmp/rabbitfmu_wait17115275517443387820
13:15:49.880 [main] DEBUG org.intocps.fmi.jnifmuapi.NativeFmu - Deleting temp folder /tmp/rabbitfmu_wait17115275517443387820
13:15:49.901 [main] DEBUG org.intocps.maestro.interpreter.Interpreter - unload
13:15:49.902 [main] DEBUG org.intocps.fmi.jnifmuapi.NativeFmu - UnLoad FMU /home/au682915/Bachelor/Code/FMU/UniFMU/model1.fmu, temp folder /tmp/model11536780055578546237
13:15:49.902 [main] DEBUG org.intocps.fmi.jnifmuapi.NativeFmu - Deleting temp folder /tmp/model11536780055578546237
